<?xml version="1.0" encoding="UTF-8"?>
<testsuites name="New Test Suite" time="9.454" tests="2" failures="0" errors="0">
   <testsuite name="New Test Suite" tests="2" failures="0" errors="0" time="9.454" skipped="0" timestamp="26-05-2025T13:43:43" hostname="Joey - LAPTOP-PTCMI08L" id="Test Suites/New Test Suite">
      <properties>
         <property name="deviceName" value=""/>
         <property name="devicePlatform"/>
         <property name="logFolder" value="C:\\Users\\Joey\\git\\Katalon2\\Reports\\25680526_134338\\New Test Suite\\25680526_134339"/>
         <property name="logFiles" value="C:\\Users\\Joey\\git\\Katalon2\\Reports\\25680526_134338\\New Test Suite\\25680526_134339\\console0.log, C:\\Users\\Joey\\git\\Katalon2\\Reports\\25680526_134338\\New Test Suite\\25680526_134339\\execution0.log"/>
         <property name="attachments" value=""/>
         <property name="hostName" value="Joey - LAPTOP-PTCMI08L"/>
         <property name="os" value="Windows 11 64bit"/>
         <property name="katalonVersion" value="10.2.0.0"/>
         <property name="browser" value="Chrome 136.0.7103.114"/>
         <property name="userFullName" value="Purin Yodvanich"/>
         <property name="hostAddress" value="192.101.101.202"/>
         <property name="sessionId" value="d9d2a6fe51b0be9c8f698e7183be3509"/>
         <property name="projectName" value="Katalon2"/>
         <property name="seleniumVersion" value="4.28.1"/>
         <property name="proxyInformation" value="ProxyInformation { proxyOption=NO_PROXY, proxyServerType=HTTP, username=, password=********, proxyServerAddress=, proxyServerPort=0, executionList=&quot;&quot;, isApplyToDesiredCapabilities=true }"/>
         <property name="platform" value="Windows 11"/>
      </properties>
      <testcase name="Test Cases/New Test Case" time="5.041" classname="Test Cases/New Test Case" status="PASSED">
         <properties>
            <property name="data_binding"><![CDATA[{"U1":"1","U2":"2"}]]></property>
         </properties>
         <system-out><![CDATA[26-05-2025T13:43:43 - [TEST_CASE][PASSED] - Test Cases/New Test Case: Test Cases/New Test Case

26-05-2025T13:43:43 - [TEST_STEP][PASSED] - openBrowser(""): Browser is opened with url: ''

26-05-2025T13:43:43 - [MESSAGE][INFO] - Starting 'Chrome' driver

26-05-2025T13:43:44 - [MESSAGE][INFO] - Action delay is set to 0 milliseconds

26-05-2025T13:43:45 - [MESSAGE][PASSED] - Browser is opened with url: ''

26-05-2025T13:43:45 - [TEST_STEP][PASSED] - navigateToUrl("https://www.ilovepdf.com/split_pdf#split,range"): Navigate to 'https://www.ilovepdf.com/split_pdf#split,range' successfully

26-05-2025T13:43:46 - [MESSAGE][PASSED] - Navigate to 'https://www.ilovepdf.com/split_pdf#split,range' successfully

26-05-2025T13:43:46 - [TEST_STEP][PASSED] - click(findTestObject("Object Repository/Page_Split PDF files online. Free service t_31c98c/a_Merge PDF")): Object: 'Object Repository/Page_Split PDF files online. Free service t_31c98c/a_Merge PDF' is clicked on

26-05-2025T13:43:48 - [MESSAGE][PASSED] - Object: 'Object Repository/Page_Split PDF files online. Free service t_31c98c/a_Merge PDF' is clicked on

26-05-2025T13:43:48 - [TEST_STEP][PASSED] - Hi = U1: null

26-05-2025T13:43:48 - [TEST_STEP][PASSED] - Ho = U2: null

26-05-2025T13:43:48 - [TEST_STEP][PASSED] - He = Hi + Ho: null

26-05-2025T13:43:48 - [TEST_STEP][PASSED] - verifyEqual(He, Hi + Ho): Actual object '99' and expected object '99' are equal

26-05-2025T13:43:48 - [MESSAGE][PASSED] - Actual object '99' and expected object '99' are equal]]></system-out>
         <system-err><![CDATA[]]></system-err>
      </testcase>
      <testcase name="Test Cases/New Test Case" time="3.974" classname="Test Cases/New Test Case" status="PASSED">
         <properties>
            <property name="data_binding"><![CDATA[{"U1":"3","U2":"4"}]]></property>
         </properties>
         <system-out><![CDATA[26-05-2025T13:43:48 - [TEST_CASE][PASSED] - Test Cases/New Test Case: Test Cases/New Test Case

26-05-2025T13:43:48 - [TEST_STEP][PASSED] - openBrowser(""): Browser is opened with url: ''

26-05-2025T13:43:48 - [MESSAGE][WARNING] - A browser is already opened. Closing browser and opening a new one

26-05-2025T13:43:48 - [MESSAGE][INFO] - Starting 'Chrome' driver

26-05-2025T13:43:48 - [MESSAGE][INFO] - Action delay is set to 0 milliseconds

26-05-2025T13:43:49 - [MESSAGE][PASSED] - Browser is opened with url: ''

26-05-2025T13:43:49 - [TEST_STEP][PASSED] - navigateToUrl("https://www.ilovepdf.com/split_pdf#split,range"): Navigate to 'https://www.ilovepdf.com/split_pdf#split,range' successfully

26-05-2025T13:43:51 - [MESSAGE][PASSED] - Navigate to 'https://www.ilovepdf.com/split_pdf#split,range' successfully

26-05-2025T13:43:51 - [TEST_STEP][PASSED] - click(findTestObject("Object Repository/Page_Split PDF files online. Free service t_31c98c/a_Merge PDF")): Object: 'Object Repository/Page_Split PDF files online. Free service t_31c98c/a_Merge PDF' is clicked on

26-05-2025T13:43:52 - [MESSAGE][PASSED] - Object: 'Object Repository/Page_Split PDF files online. Free service t_31c98c/a_Merge PDF' is clicked on

26-05-2025T13:43:52 - [TEST_STEP][PASSED] - Hi = U1: null

26-05-2025T13:43:52 - [TEST_STEP][PASSED] - Ho = U2: null

26-05-2025T13:43:52 - [TEST_STEP][PASSED] - He = Hi + Ho: null

26-05-2025T13:43:52 - [TEST_STEP][PASSED] - verifyEqual(He, Hi + Ho): Actual object '103' and expected object '103' are equal

26-05-2025T13:43:52 - [MESSAGE][PASSED] - Actual object '103' and expected object '103' are equal]]></system-out>
         <system-err><![CDATA[]]></system-err>
      </testcase>
      <system-out><![CDATA[26-05-2025T13:43:43 - [TEST_SUITE][PASSED] - New Test Suite: Test Cases/New Test Case]]></system-out>
      <system-err><![CDATA[]]></system-err>
   </testsuite>
</testsuites>
